  AliEngine.cpp
C:\Users\charl\OneDrive\Documents\Games Programming\Assignment\Games-Programming-Assignment\Assignment Solution\Assignment Solution\Object.h(54,20): error C2760: syntax error: ')' was unexpected here; expected 'expression'
C:\Users\charl\OneDrive\Documents\Games Programming\Assignment\Games-Programming-Assignment\Assignment Solution\Assignment Solution\Object.h(39,5): message : This diagnostic occurred in the compiler generated function 'C *GameObject::AddComponent(void)'
C:\Users\charl\OneDrive\Documents\Games Programming\Assignment\Games-Programming-Assignment\Assignment Solution\Assignment Solution\Object.h(54,20): error C3878: syntax error: unexpected token ')' following 'simple_declaration'
C:\Users\charl\OneDrive\Documents\Games Programming\Assignment\Games-Programming-Assignment\Assignment Solution\Assignment Solution\Object.h(39,5): message : This diagnostic occurred in the compiler generated function 'C *GameObject::AddComponent(void)'
C:\Users\charl\OneDrive\Documents\Games Programming\Assignment\Games-Programming-Assignment\Assignment Solution\Assignment Solution\Object.h(54,20): message : error recovery skipped: ')'
C:\Users\charl\OneDrive\Documents\Games Programming\Assignment\Games-Programming-Assignment\Assignment Solution\Assignment Solution\Object.h(39,5): message : This diagnostic occurred in the compiler generated function 'C *GameObject::AddComponent(void)'
  Assignment Solution.cpp
C:\Users\charl\OneDrive\Documents\Games Programming\Assignment\Games-Programming-Assignment\Assignment Solution\Assignment Solution\Object.h(54,20): error C2760: syntax error: ')' was unexpected here; expected 'expression'
C:\Users\charl\OneDrive\Documents\Games Programming\Assignment\Games-Programming-Assignment\Assignment Solution\Assignment Solution\Object.h(39,5): message : This diagnostic occurred in the compiler generated function 'C *GameObject::AddComponent(void)'
C:\Users\charl\OneDrive\Documents\Games Programming\Assignment\Games-Programming-Assignment\Assignment Solution\Assignment Solution\Object.h(54,20): error C3878: syntax error: unexpected token ')' following 'simple_declaration'
C:\Users\charl\OneDrive\Documents\Games Programming\Assignment\Games-Programming-Assignment\Assignment Solution\Assignment Solution\Object.h(39,5): message : This diagnostic occurred in the compiler generated function 'C *GameObject::AddComponent(void)'
C:\Users\charl\OneDrive\Documents\Games Programming\Assignment\Games-Programming-Assignment\Assignment Solution\Assignment Solution\Object.h(54,20): message : error recovery skipped: ')'
C:\Users\charl\OneDrive\Documents\Games Programming\Assignment\Games-Programming-Assignment\Assignment Solution\Assignment Solution\Object.h(39,5): message : This diagnostic occurred in the compiler generated function 'C *GameObject::AddComponent(void)'
  Collision.cpp
  Component.cpp
  EngineManager.cpp
C:\Users\charl\OneDrive\Documents\Games Programming\Assignment\Games-Programming-Assignment\Assignment Solution\Assignment Solution\Object.h(54,20): error C2760: syntax error: ')' was unexpected here; expected 'expression'
C:\Users\charl\OneDrive\Documents\Games Programming\Assignment\Games-Programming-Assignment\Assignment Solution\Assignment Solution\Object.h(39,5): message : This diagnostic occurred in the compiler generated function 'C *GameObject::AddComponent(void)'
C:\Users\charl\OneDrive\Documents\Games Programming\Assignment\Games-Programming-Assignment\Assignment Solution\Assignment Solution\Object.h(54,20): error C3878: syntax error: unexpected token ')' following 'simple_declaration'
C:\Users\charl\OneDrive\Documents\Games Programming\Assignment\Games-Programming-Assignment\Assignment Solution\Assignment Solution\Object.h(39,5): message : This diagnostic occurred in the compiler generated function 'C *GameObject::AddComponent(void)'
C:\Users\charl\OneDrive\Documents\Games Programming\Assignment\Games-Programming-Assignment\Assignment Solution\Assignment Solution\Object.h(54,20): message : error recovery skipped: ')'
C:\Users\charl\OneDrive\Documents\Games Programming\Assignment\Games-Programming-Assignment\Assignment Solution\Assignment Solution\Object.h(39,5): message : This diagnostic occurred in the compiler generated function 'C *GameObject::AddComponent(void)'
  Object.cpp
C:\Users\charl\OneDrive\Documents\Games Programming\Assignment\Games-Programming-Assignment\Assignment Solution\Assignment Solution\Object.h(54,20): error C2760: syntax error: ')' was unexpected here; expected 'expression'
C:\Users\charl\OneDrive\Documents\Games Programming\Assignment\Games-Programming-Assignment\Assignment Solution\Assignment Solution\Object.h(39,5): message : This diagnostic occurred in the compiler generated function 'C *GameObject::AddComponent(void)'
C:\Users\charl\OneDrive\Documents\Games Programming\Assignment\Games-Programming-Assignment\Assignment Solution\Assignment Solution\Object.h(54,20): error C3878: syntax error: unexpected token ')' following 'simple_declaration'
C:\Users\charl\OneDrive\Documents\Games Programming\Assignment\Games-Programming-Assignment\Assignment Solution\Assignment Solution\Object.h(39,5): message : This diagnostic occurred in the compiler generated function 'C *GameObject::AddComponent(void)'
C:\Users\charl\OneDrive\Documents\Games Programming\Assignment\Games-Programming-Assignment\Assignment Solution\Assignment Solution\Object.h(54,20): message : error recovery skipped: ')'
C:\Users\charl\OneDrive\Documents\Games Programming\Assignment\Games-Programming-Assignment\Assignment Solution\Assignment Solution\Object.h(39,5): message : This diagnostic occurred in the compiler generated function 'C *GameObject::AddComponent(void)'
  PlayerMouseInput.cpp
C:\Users\charl\OneDrive\Documents\Games Programming\Assignment\Games-Programming-Assignment\Assignment Solution\Assignment Solution\PlayerMouseInput.cpp(6,52): error C2027: use of undefined type 'GameObject'
C:\Users\charl\OneDrive\Documents\Games Programming\Assignment\Games-Programming-Assignment\Assignment Solution\Assignment Solution\Component.h(14): message : see declaration of 'GameObject'
  Render2D.cpp
C:\Users\charl\OneDrive\Documents\Games Programming\Assignment\Games-Programming-Assignment\Assignment Solution\Assignment Solution\Render2D.cpp(3,33): error C2512: 'Component::Component': no appropriate default constructor available
C:\Users\charl\OneDrive\Documents\Games Programming\Assignment\Games-Programming-Assignment\Assignment Solution\Assignment Solution\Render2D.cpp(11,52): error C2027: use of undefined type 'GameObject'
C:\Users\charl\OneDrive\Documents\Games Programming\Assignment\Games-Programming-Assignment\Assignment Solution\Assignment Solution\Component.h(14): message : see declaration of 'GameObject'
  Transform2D.cpp
C:\Users\charl\OneDrive\Documents\Games Programming\Assignment\Games-Programming-Assignment\Assignment Solution\Assignment Solution\Transform2D.cpp(3,73): error C2512: 'Component::Component': no appropriate default constructor available
  Generating Code...
